[debug] [2024-11-07T17:36:18.559Z] ----------------------------------------------------------------------
[debug] [2024-11-07T17:36:18.562Z] Command:       C:\Program Files\nodejs\node.exe C:\Users\shalu\AppData\Roaming\npm\node_modules\firebase-tools\lib\bin\firebase.js init
[debug] [2024-11-07T17:36:18.563Z] CLI Version:   13.23.1
[debug] [2024-11-07T17:36:18.563Z] Platform:      win32
[debug] [2024-11-07T17:36:18.563Z] Node Version:  v22.8.0
[debug] [2024-11-07T17:36:18.563Z] Time:          Thu Nov 07 2024 23:06:18 GMT+0530 (India Standard Time)
[debug] [2024-11-07T17:36:18.563Z] ----------------------------------------------------------------------
[debug] 
[debug] [2024-11-07T17:36:18.573Z] > command requires scopes: ["email","openid","https://www.googleapis.com/auth/cloudplatformprojects.readonly","https://www.googleapis.com/auth/firebase","https://www.googleapis.com/auth/cloud-platform"]
[debug] [2024-11-07T17:36:18.573Z] > authorizing via signed-in user (shalukamahagama345@gmail.com)
[info] 
     ######## #### ########  ######## ########     ###     ######  ########
     ##        ##  ##     ## ##       ##     ##  ##   ##  ##       ##
     ######    ##  ########  ######   ########  #########  ######  ######
     ##        ##  ##    ##  ##       ##     ## ##     ##       ## ##
     ##       #### ##     ## ######## ########  ##     ##  ######  ########

You're about to initialize a Firebase project in this directory:

  D:\dev projects\botaniq\botaniq

[info] 
=== Project Setup
[info] 
[info] First, let's associate this project directory with a Firebase project.
[info] You can create multiple project aliases by running firebase use --add, 
[info] but for now we'll just set up a default project.
[info] 
[debug] [2024-11-07T17:37:42.404Z] Checked if tokens are valid: false, expires at: 1683828534406
[debug] [2024-11-07T17:37:42.405Z] Checked if tokens are valid: false, expires at: 1683828534406
[debug] [2024-11-07T17:37:42.405Z] > refreshing access token with scopes: []
[debug] [2024-11-07T17:37:42.407Z] >>> [apiv2][query] POST https://www.googleapis.com/oauth2/v3/token [none]
[debug] [2024-11-07T17:37:42.408Z] >>> [apiv2][body] POST https://www.googleapis.com/oauth2/v3/token [omitted]
[debug] [2024-11-07T17:37:42.943Z] <<< [apiv2][status] POST https://www.googleapis.com/oauth2/v3/token 400
[debug] [2024-11-07T17:37:42.943Z] <<< [apiv2][body] POST https://www.googleapis.com/oauth2/v3/token [omitted]
[debug] [2024-11-07T17:37:42.944Z] >>> [apiv2][query] GET https://firebase.googleapis.com/v1beta1/projects pageSize=100
[debug] [2024-11-07T17:37:43.542Z] <<< [apiv2][status] GET https://firebase.googleapis.com/v1beta1/projects 401
[debug] [2024-11-07T17:37:43.542Z] <<< [apiv2][body] GET https://firebase.googleapis.com/v1beta1/projects [omitted]
[debug] [2024-11-07T17:37:43.542Z] Got a 401 Unauthenticated error for a call that required authentication. Refreshing tokens.
[debug] [2024-11-07T17:37:43.542Z] Checked if tokens are valid: false, expires at: 1683828534406
[debug] [2024-11-07T17:37:43.542Z] Checked if tokens are valid: false, expires at: 1683828534406
[debug] [2024-11-07T17:37:43.542Z] > refreshing access token with scopes: []
[debug] [2024-11-07T17:37:43.543Z] >>> [apiv2][query] POST https://www.googleapis.com/oauth2/v3/token [none]
[debug] [2024-11-07T17:37:43.543Z] >>> [apiv2][body] POST https://www.googleapis.com/oauth2/v3/token [omitted]
[debug] [2024-11-07T17:37:43.642Z] <<< [apiv2][status] POST https://www.googleapis.com/oauth2/v3/token 400
[debug] [2024-11-07T17:37:43.642Z] <<< [apiv2][body] POST https://www.googleapis.com/oauth2/v3/token [omitted]
[debug] [2024-11-07T17:37:43.643Z] Request to https://firebase.googleapis.com/v1beta1/projects?pageSize=100 had HTTP Error: 401, Request had invalid authentication credentials. Expected OAuth 2 access token, login cookie or other valid authentication credential. See https://developers.google.com/identity/sign-in/web/devconsole-project.
[debug] [2024-11-07T17:37:43.956Z] FirebaseError: Request to https://firebase.googleapis.com/v1beta1/projects?pageSize=100 had HTTP Error: 401, Request had invalid authentication credentials. Expected OAuth 2 access token, login cookie or other valid authentication credential. See https://developers.google.com/identity/sign-in/web/devconsole-project.
    at responseToError (C:\Users\shalu\AppData\Roaming\npm\node_modules\firebase-tools\lib\responseToError.js:52:12)
    at RetryOperation._fn (C:\Users\shalu\AppData\Roaming\npm\node_modules\firebase-tools\lib\apiv2.js:312:77)
    at process.processTicksAndRejections (node:internal/process/task_queues:105:5)
[error] 
[error] Error: Failed to list Firebase projects. See firebase-debug.log for more info.
